\BOOKMARK [1][-]{section*.1}{Contents}{}% 1
\BOOKMARK [1][-]{section*.2}{Capabilities}{}% 2
\BOOKMARK [1][-]{section*.3}{Installation}{}% 3
\BOOKMARK [2][-]{section*.4}{MOLPRO}{section*.3}% 4
\BOOKMARK [2][-]{section*.5}{ORCA}{section*.3}% 5
\BOOKMARK [2][-]{section*.6}{Q-Chem}{section*.3}% 6
\BOOKMARK [2][-]{section*.7}{Standalone}{section*.3}% 7
\BOOKMARK [3][-]{section*.8}{makefile}{section*.7}% 8
\BOOKMARK [1][-]{section*.9}{Running and testing the code}{}% 9
\BOOKMARK [1][-]{section*.10}{BLOCK input and calculations}{}% 10
\BOOKMARK [2][-]{section*.11}{Molpro, ORCA and Q-Chem interfaces}{section*.10}% 11
\BOOKMARK [2][-]{section*.12}{Standalone}{section*.10}% 12
\BOOKMARK [3][-]{section*.13}{Generating the orbitals and integrals using Molpro}{section*.12}% 13
\BOOKMARK [2][-]{section*.14}{BLOCK input file}{section*.10}% 14
\BOOKMARK [3][-]{section*.15}{Orbital file}{section*.14}% 15
\BOOKMARK [3][-]{section*.16}{Reordering orbitals}{section*.14}% 16
\BOOKMARK [3][-]{section*.17}{Wavefunction specification}{section*.14}% 17
\BOOKMARK [3][-]{section*.18}{Schedule}{section*.14}% 18
\BOOKMARK [3][-]{section*.19}{MaxM}{section*.14}% 19
\BOOKMARK [3][-]{section*.20}{Scratch directory}{section*.14}% 20
\BOOKMARK [3][-]{section*.21}{Troubleshooting}{section*.14}% 21
\BOOKMARK [1][-]{section*.22}{Appendix:Introduction to DMRG concepts}{}% 22
\BOOKMARK [2][-]{section*.23}{The DMRG wavefunction}{section*.22}% 23
\BOOKMARK [2][-]{section*.24}{Sweeps and Operators}{section*.22}% 24
\BOOKMARK [2][-]{section*.25}{Quantum numbers and symmetries}{section*.22}% 25
\BOOKMARK [2][-]{section*.26}{Truncation error and extrapolation}{section*.22}% 26
\BOOKMARK [2][-]{section*.27}{Orbital choice}{section*.22}% 27
\BOOKMARK [1][-]{section*.28}{Appendix: Technical issues}{}% 28
\BOOKMARK [2][-]{section*.29}{Licence and how to cite}{section*.28}% 29
\BOOKMARK [2][-]{section*.30}{Calling BLOCK as an external subroutine}{section*.28}% 30
\BOOKMARK [2][-]{section*.31}{Input and calculation details}{section*.28}% 31
\BOOKMARK [3][-]{section*.32}{State-averaged calculations}{section*.31}% 32
\BOOKMARK [3][-]{section*.33}{State-specific calculations}{section*.31}% 33
\BOOKMARK [3][-]{section*.34}{Particle density matrices \(pdm\)}{section*.31}% 34
\BOOKMARK [3][-]{section*.35}{Restarting a calculation}{section*.31}% 35
\BOOKMARK [3][-]{section*.36}{Schedule details}{section*.31}% 36
\BOOKMARK [3][-]{section*.37}{Orbital ordering}{section*.31}% 37
\BOOKMARK [3][-]{section*.38}{Monitoring and convergence of the DMRG calculation}{section*.31}% 38
\BOOKMARK [3][-]{section*.39}{Warm-up Scheme for Large Systems}{section*.31}% 39
\BOOKMARK [3][-]{section*.40}{Creating FCIDUMP files}{section*.31}% 40
\BOOKMARK [2][-]{section*.41}{Computational considerations}{section*.28}% 41
\BOOKMARK [2][-]{section*.42}{Other examples}{section*.28}% 42
\BOOKMARK [3][-]{section*.43}{Cr2}{section*.42}% 43
\BOOKMARK [3][-]{section*.44}{-active space of porphine}{section*.42}% 44
\BOOKMARK [2][-]{section*.45}{Appendix: Molpro input files}{section*.28}% 45
\BOOKMARK [3][-]{section*.46}{Benzene molecule}{section*.45}% 46
\BOOKMARK [3][-]{section*.47}{Chromium dimer}{section*.45}% 47
\BOOKMARK [3][-]{section*.48}{Porphine, C1 symmetry, fully-localized orbitals}{section*.45}% 48
